<?xml version="1.0" encoding="UTF-8"?>
<testng-results skipped="0" failed="0" ignored="0" total="1" passed="1">
  <reporter-output>
  </reporter-output>
  <suite name="Default suite" duration-ms="23737" started-at="2019-06-17T12:57:13Z" finished-at="2019-06-17T12:57:37Z">
    <groups>
    </groups>
    <test name="Default test" duration-ms="23737" started-at="2019-06-17T12:57:13Z" finished-at="2019-06-17T12:57:37Z">
      <class name="selenium.webdiver.basic.GoibiboTransaction">
        <test-method status="PASS" signature="beforeTest()[pri:0, instance:selenium.webdiver.basic.GoibiboTransaction@68be2bc2]" name="beforeTest" is-config="true" duration-ms="7176" started-at="2019-06-17T12:57:13Z" finished-at="2019-06-17T12:57:20Z">
          <reporter-output>
          </reporter-output>
        </test-method> <!-- beforeTest -->
        <test-method status="PASS" signature="f()[pri:0, instance:selenium.webdiver.basic.GoibiboTransaction@68be2bc2]" name="f" duration-ms="16542" started-at="2019-06-17T12:57:20Z" finished-at="2019-06-17T12:57:37Z">
          <reporter-output>
          </reporter-output>
        </test-method> <!-- f -->
        <test-method status="PASS" signature="afterTest()[pri:0, instance:selenium.webdiver.basic.GoibiboTransaction@68be2bc2]" name="afterTest" is-config="true" duration-ms="0" started-at="2019-06-17T12:57:37Z" finished-at="2019-06-17T12:57:37Z">
          <reporter-output>
          </reporter-output>
        </test-method> <!-- afterTest -->
      </class> <!-- selenium.webdiver.basic.GoibiboTransaction -->
    </test> <!-- Default test -->
  </suite> <!-- Default suite -->
</testng-results>
